d:\opengl\opengl\opengl\x64\debug\vc143.pdb
d:\opengl\opengl\opengl\x64\debug\vc143.idb
d:\opengl\opengl\opengl\x64\debug\application.obj
d:\opengl\opengl\opengl\x64\debug\opengl.ilk
d:\opengl\opengl\x64\debug\opengl.pdb
d:\opengl\opengl\opengl\x64\debug\opengl.tlog\cl.command.1.tlog
d:\opengl\opengl\opengl\x64\debug\opengl.tlog\cl.items.tlog
d:\opengl\opengl\opengl\x64\debug\opengl.tlog\cl.read.1.tlog
d:\opengl\opengl\opengl\x64\debug\opengl.tlog\cl.write.1.tlog
d:\opengl\opengl\opengl\x64\debug\opengl.tlog\link-cvtres.read.1.tlog
d:\opengl\opengl\opengl\x64\debug\opengl.tlog\link-cvtres.write.1.tlog
d:\opengl\opengl\opengl\x64\debug\opengl.tlog\link-rc.read.1.tlog
d:\opengl\opengl\opengl\x64\debug\opengl.tlog\link-rc.write.1.tlog
d:\opengl\opengl\opengl\x64\debug\opengl.tlog\link.49460-cvtres.read.1.tlog
d:\opengl\opengl\opengl\x64\debug\opengl.tlog\link.49460-cvtres.write.1.tlog
d:\opengl\opengl\opengl\x64\debug\opengl.tlog\link.49460-rc.read.1.tlog
d:\opengl\opengl\opengl\x64\debug\opengl.tlog\link.49460-rc.write.1.tlog
d:\opengl\opengl\opengl\x64\debug\opengl.tlog\link.49460.read.1.tlog
d:\opengl\opengl\opengl\x64\debug\opengl.tlog\link.49460.read.2.tlog
d:\opengl\opengl\opengl\x64\debug\opengl.tlog\link.49460.read.3.tlog
d:\opengl\opengl\opengl\x64\debug\opengl.tlog\link.49460.read.4.tlog
d:\opengl\opengl\opengl\x64\debug\opengl.tlog\link.49460.write.1.tlog
d:\opengl\opengl\opengl\x64\debug\opengl.tlog\link.command.1.tlog
d:\opengl\opengl\opengl\x64\debug\opengl.tlog\link.read.1.tlog
d:\opengl\opengl\opengl\x64\debug\opengl.tlog\link.read.2.tlog
d:\opengl\opengl\opengl\x64\debug\opengl.tlog\link.read.3.tlog
d:\opengl\opengl\opengl\x64\debug\opengl.tlog\link.read.4.tlog
d:\opengl\opengl\opengl\x64\debug\opengl.tlog\link.secondary.1.tlog
d:\opengl\opengl\opengl\x64\debug\opengl.tlog\link.write.1.tlog
